# JRE version: OpenJDK Runtime Environment Zulu11.52+13-CA (11.0.13+8) (build 11.0.13+8-LTS)
# Java VM: OpenJDK 64-Bit Server VM Zulu11.52+13-CA (11.0.13+8-LTS, mixed mode, tiered, compressed oops, g1 gc, windows-amd64)
Heap:
 garbage-first heap   total 89088K, used 60720K [0x00000000c1600000, 0x0000000100000000)
  region size 1024K, 37 young (37888K), 3 survivors (3072K)
 Metaspace       used 59577K, capacity 61677K, committed 61744K, reserved 1103872K
  class space    used 7043K, capacity 7890K, committed 7904K, reserved 1048576K
GC Heap History (20 events):
Event: 6.295 GC heap before
{Heap before GC invocations=7 (full 0):
 garbage-first heap   total 65536K, used 38485K [0x00000000c1600000, 0x0000000100000000)
  region size 1024K, 32 young (32768K), 3 survivors (3072K)
 Metaspace       used 31270K, capacity 32077K, committed 32304K, reserved 1077248K
  class space    used 3535K, capacity 3877K, committed 3968K, reserved 1048576K
}
Event: 6.304 GC heap after
{Heap after GC invocations=8 (full 0):
 garbage-first heap   total 65536K, used 10672K [0x00000000c1600000, 0x0000000100000000)
  region size 1024K, 4 young (4096K), 4 survivors (4096K)
 Metaspace       used 31270K, capacity 32077K, committed 32304K, reserved 1077248K
  class space    used 3535K, capacity 3877K, committed 3968K, reserved 1048576K
}
Event: 7.024 GC heap before
{Heap before GC invocations=8 (full 0):
 garbage-first heap   total 65536K, used 34224K [0x00000000c1600000, 0x0000000100000000)
  region size 1024K, 28 young (28672K), 4 survivors (4096K)
 Metaspace       used 34752K, capacity 35765K, committed 35920K, reserved 1081344K
  class space    used 3948K, capacity 4337K, committed 4352K, reserved 1048576K
}
Event: 7.031 GC heap after
{Heap after GC invocations=9 (full 0):
 garbage-first heap   total 78848K, used 12730K [0x00000000c1600000, 0x0000000100000000)
  region size 1024K, 4 young (4096K), 4 survivors (4096K)
 Metaspace       used 34752K, capacity 35765K, committed 35920K, reserved 1081344K
  class space    used 3948K, capacity 4337K, committed 4352K, reserved 1048576K
}
Event: 7.773 GC heap before
{Heap before GC invocations=10 (full 0):
 garbage-first heap   total 78848K, used 48570K [0x00000000c1600000, 0x0000000100000000)
  region size 1024K, 39 young (39936K), 4 survivors (4096K)
 Metaspace       used 38677K, capacity 39817K, committed 39888K, reserved 1085440K
  class space    used 4463K, capacity 4922K, committed 4992K, reserved 1048576K
}
Event: 7.782 GC heap after
{Heap after GC invocations=11 (full 0):
 garbage-first heap   total 78848K, used 14895K [0x00000000c1600000, 0x0000000100000000)
  region size 1024K, 5 young (5120K), 5 survivors (5120K)
 Metaspace       used 38677K, capacity 39817K, committed 39888K, reserved 1085440K
  class space    used 4463K, capacity 4922K, committed 4992K, reserved 1048576K
}
Event: 8.444 GC heap before
{Heap before GC invocations=11 (full 0):
 garbage-first heap   total 78848K, used 51759K [0x00000000c1600000, 0x0000000100000000)
  region size 1024K, 41 young (41984K), 5 survivors (5120K)
 Metaspace       used 45650K, capacity 47043K, committed 47312K, reserved 1091584K
  class space    used 5344K, capacity 5920K, committed 6016K, reserved 1048576K
}
Event: 8.463 GC heap after
{Heap after GC invocations=12 (full 0):
 garbage-first heap   total 78848K, used 18989K [0x00000000c1600000, 0x0000000100000000)
  region size 1024K, 6 young (6144K), 6 survivors (6144K)
 Metaspace       used 45650K, capacity 47043K, committed 47312K, reserved 1091584K
  class space    used 5344K, capacity 5920K, committed 6016K, reserved 1048576K
}
Event: 9.766 GC heap before
{Heap before GC invocations=12 (full 0):
 garbage-first heap   total 78848K, used 54829K [0x00000000c1600000, 0x0000000100000000)
  region size 1024K, 42 young (43008K), 6 survivors (6144K)
 Metaspace       used 49669K, capacity 51191K, committed 51408K, reserved 1093632K
  class space    used 5858K, capacity 6475K, committed 6528K, reserved 1048576K
}
Event: 9.783 GC heap after
{Heap after GC invocations=13 (full 0):
 garbage-first heap   total 78848K, used 22699K [0x00000000c1600000, 0x0000000100000000)
  region size 1024K, 4 young (4096K), 4 survivors (4096K)
 Metaspace       used 49669K, capacity 51191K, committed 51408K, reserved 1093632K
  class space    used 5858K, capacity 6475K, committed 6528K, reserved 1048576K
}
Event: 10.873 GC heap before
{Heap before GC invocations=13 (full 0):
 garbage-first heap   total 78848K, used 57515K [0x00000000c1600000, 0x0000000100000000)
  region size 1024K, 38 young (38912K), 4 survivors (4096K)
 Metaspace       used 52268K, capacity 54025K, committed 54224K, reserved 1097728K
  class space    used 6238K, capacity 6974K, committed 7040K, reserved 1048576K
}
Event: 10.887 GC heap after
{Heap after GC invocations=14 (full 0):
 garbage-first heap   total 78848K, used 25206K [0x00000000c1600000, 0x0000000100000000)
  region size 1024K, 3 young (3072K), 3 survivors (3072K)
 Metaspace       used 52268K, capacity 54025K, committed 54224K, reserved 1097728K
  class space    used 6238K, capacity 6974K, committed 7040K, reserved 1048576K
}
Event: 11.987 GC heap before
{Heap before GC invocations=14 (full 0):
 garbage-first heap   total 78848K, used 60022K [0x00000000c1600000, 0x0000000100000000)
  region size 1024K, 37 young (37888K), 3 survivors (3072K)
 Metaspace       used 53630K, capacity 55486K, committed 55632K, reserved 1097728K
  class space    used 6399K, capacity 7151K, committed 7168K, reserved 1048576K
}
Event: 12.000 GC heap after
{Heap after GC invocations=15 (full 0):
 garbage-first heap   total 78848K, used 28799K [0x00000000c1600000, 0x0000000100000000)
  region size 1024K, 4 young (4096K), 4 survivors (4096K)
 Metaspace       used 53630K, capacity 55486K, committed 55632K, reserved 1097728K
  class space    used 6399K, capacity 7151K, committed 7168K, reserved 1048576K
}
Event: 20.004 GC heap before
{Heap before GC invocations=15 (full 0):
 garbage-first heap   total 78848K, used 50303K [0x00000000c1600000, 0x0000000100000000)
  region size 1024K, 26 young (26624K), 4 survivors (4096K)
 Metaspace       used 57951K, capacity 59956K, committed 60080K, reserved 1101824K
  class space    used 6902K, capacity 7707K, committed 7776K, reserved 1048576K
}
Event: 20.014 GC heap after
{Heap after GC invocations=16 (full 0):
 garbage-first heap   total 95232K, used 30048K [0x00000000c1600000, 0x0000000100000000)
  region size 1024K, 2 young (2048K), 2 survivors (2048K)
 Metaspace       used 57951K, capacity 59956K, committed 60080K, reserved 1101824K
  class space    used 6902K, capacity 7707K, committed 7776K, reserved 1048576K
}
Event: 128.323 GC heap before
{Heap before GC invocations=17 (full 0):
 garbage-first heap   total 95232K, used 39264K [0x00000000c1600000, 0x0000000100000000)
  region size 1024K, 12 young (12288K), 2 survivors (2048K)
 Metaspace       used 58589K, capacity 60604K, committed 60848K, reserved 1101824K
  class space    used 6980K, capacity 7764K, committed 7776K, reserved 1048576K
}
Event: 128.403 GC heap after
{Heap after GC invocations=18 (full 1):
 garbage-first heap   total 89088K, used 25331K [0x00000000c1600000, 0x0000000100000000)
  region size 1024K, 0 young (0K), 0 survivors (0K)
 Metaspace       used 58589K, capacity 60604K, committed 60848K, reserved 1101824K
  class space    used 6980K, capacity 7764K, committed 7776K, reserved 1048576K
}
Event: 133.633 GC heap before
{Heap before GC invocations=18 (full 1):
 garbage-first heap   total 89088K, used 64243K [0x00000000c1600000, 0x0000000100000000)
  region size 1024K, 39 young (39936K), 0 survivors (0K)
 Metaspace       used 59296K, capacity 61402K, committed 61488K, reserved 1103872K
  class space    used 7028K, capacity 7844K, committed 7904K, reserved 1048576K
}
Event: 133.644 GC heap after
{Heap after GC invocations=19 (full 1):
 garbage-first heap   total 89088K, used 27952K [0x00000000c1600000, 0x0000000100000000)
  region size 1024K, 3 young (3072K), 3 survivors (3072K)
 Metaspace       used 59296K, capacity 61402K, committed 61488K, reserved 1103872K
  class space    used 7028K, capacity 7844K, committed 7904K, reserved 1048576K
}

