# JRE version: OpenJDK Runtime Environment Zulu11.52+13-CA (11.0.13+8) (build 11.0.13+8-LTS)
# Java VM: OpenJDK 64-Bit Server VM Zulu11.52+13-CA (11.0.13+8-LTS, mixed mode, tiered, compressed oops, g1 gc, windows-amd64)
Heap:
 garbage-first heap   total 95232K, used 51914K [0x00000000c1600000, 0x0000000100000000)
  region size 1024K, 24 young (24576K), 2 survivors (2048K)
 Metaspace       used 59799K, capacity 61828K, committed 62128K, reserved 1103872K
  class space    used 7071K, capacity 7886K, committed 7936K, reserved 1048576K
GC Heap History (20 events):
Event: 3.587 GC heap before
{Heap before GC invocations=5 (full 0):
 garbage-first heap   total 65536K, used 31327K [0x00000000c1600000, 0x0000000100000000)
  region size 1024K, 28 young (28672K), 3 survivors (3072K)
 Metaspace       used 25063K, capacity 25692K, committed 25776K, reserved 1073152K
  class space    used 2759K, capacity 3001K, committed 3072K, reserved 1048576K
}
Event: 3.597 GC heap after
{Heap after GC invocations=6 (full 0):
 garbage-first heap   total 78848K, used 7910K [0x00000000c1600000, 0x0000000100000000)
  region size 1024K, 2 young (2048K), 2 survivors (2048K)
 Metaspace       used 25063K, capacity 25692K, committed 25776K, reserved 1073152K
  class space    used 2759K, capacity 3001K, committed 3072K, reserved 1048576K
}
Event: 4.803 GC heap before
{Heap before GC invocations=6 (full 0):
 garbage-first heap   total 78848K, used 40678K [0x00000000c1600000, 0x0000000100000000)
  region size 1024K, 34 young (34816K), 2 survivors (2048K)
 Metaspace       used 27584K, capacity 28289K, committed 28464K, reserved 1075200K
  class space    used 3061K, capacity 3344K, committed 3456K, reserved 1048576K
}
Event: 4.808 GC heap after
{Heap after GC invocations=7 (full 0):
 garbage-first heap   total 78848K, used 9076K [0x00000000c1600000, 0x0000000100000000)
  region size 1024K, 3 young (3072K), 3 survivors (3072K)
 Metaspace       used 27584K, capacity 28289K, committed 28464K, reserved 1075200K
  class space    used 3061K, capacity 3344K, committed 3456K, reserved 1048576K
}
Event: 5.885 GC heap before
{Heap before GC invocations=7 (full 0):
 garbage-first heap   total 78848K, used 43892K [0x00000000c1600000, 0x0000000100000000)
  region size 1024K, 38 young (38912K), 3 survivors (3072K)
 Metaspace       used 32607K, capacity 33585K, committed 33840K, reserved 1079296K
  class space    used 3719K, capacity 4127K, committed 4224K, reserved 1048576K
}
Event: 5.894 GC heap after
{Heap after GC invocations=8 (full 0):
 garbage-first heap   total 78848K, used 11593K [0x00000000c1600000, 0x0000000100000000)
  region size 1024K, 5 young (5120K), 5 survivors (5120K)
 Metaspace       used 32607K, capacity 33585K, committed 33840K, reserved 1079296K
  class space    used 3719K, capacity 4127K, committed 4224K, reserved 1048576K
}
Event: 6.615 GC heap before
{Heap before GC invocations=8 (full 0):
 garbage-first heap   total 78848K, used 23881K [0x00000000c1600000, 0x0000000100000000)
  region size 1024K, 18 young (18432K), 5 survivors (5120K)
 Metaspace       used 34755K, capacity 35728K, committed 35888K, reserved 1081344K
  class space    used 3951K, capacity 4369K, committed 4480K, reserved 1048576K
}
Event: 6.628 GC heap after
{Heap after GC invocations=9 (full 0):
 garbage-first heap   total 78848K, used 12848K [0x00000000c1600000, 0x0000000100000000)
  region size 1024K, 4 young (4096K), 4 survivors (4096K)
 Metaspace       used 34755K, capacity 35728K, committed 35888K, reserved 1081344K
  class space    used 3951K, capacity 4369K, committed 4480K, reserved 1048576K
}
Event: 7.855 GC heap before
{Heap before GC invocations=10 (full 0):
 garbage-first heap   total 78848K, used 45616K [0x00000000c1600000, 0x0000000100000000)
  region size 1024K, 36 young (36864K), 4 survivors (4096K)
 Metaspace       used 38232K, capacity 39463K, committed 39728K, reserved 1083392K
  class space    used 4389K, capacity 4869K, committed 4992K, reserved 1048576K
}
Event: 7.870 GC heap after
{Heap after GC invocations=11 (full 0):
 garbage-first heap   total 78848K, used 14593K [0x00000000c1600000, 0x0000000100000000)
  region size 1024K, 3 young (3072K), 3 survivors (3072K)
 Metaspace       used 38232K, capacity 39463K, committed 39728K, reserved 1083392K
  class space    used 4389K, capacity 4869K, committed 4992K, reserved 1048576K
}
Event: 8.729 GC heap before
{Heap before GC invocations=11 (full 0):
 garbage-first heap   total 78848K, used 47361K [0x00000000c1600000, 0x0000000100000000)
  region size 1024K, 36 young (36864K), 3 survivors (3072K)
 Metaspace       used 44806K, capacity 46136K, committed 46256K, reserved 1089536K
  class space    used 5247K, capacity 5810K, committed 5888K, reserved 1048576K
}
Event: 8.747 GC heap after
{Heap after GC invocations=12 (full 0):
 garbage-first heap   total 78848K, used 18110K [0x00000000c1600000, 0x0000000100000000)
  region size 1024K, 5 young (5120K), 5 survivors (5120K)
 Metaspace       used 44806K, capacity 46136K, committed 46256K, reserved 1089536K
  class space    used 5247K, capacity 5810K, committed 5888K, reserved 1048576K
}
Event: 9.991 GC heap before
{Heap before GC invocations=12 (full 0):
 garbage-first heap   total 78848K, used 50878K [0x00000000c1600000, 0x0000000100000000)
  region size 1024K, 38 young (38912K), 5 survivors (5120K)
 Metaspace       used 49242K, capacity 50818K, committed 50992K, reserved 1093632K
  class space    used 5791K, capacity 6420K, committed 6528K, reserved 1048576K
}
Event: 10.009 GC heap after
{Heap after GC invocations=13 (full 0):
 garbage-first heap   total 95232K, used 21433K [0x00000000c1600000, 0x0000000100000000)
  region size 1024K, 4 young (4096K), 4 survivors (4096K)
 Metaspace       used 49242K, capacity 50818K, committed 50992K, reserved 1093632K
  class space    used 5791K, capacity 6420K, committed 6528K, reserved 1048576K
}
Event: 10.850 GC heap before
{Heap before GC invocations=13 (full 0):
 garbage-first heap   total 95232K, used 59321K [0x00000000c1600000, 0x0000000100000000)
  region size 1024K, 41 young (41984K), 4 survivors (4096K)
 Metaspace       used 51594K, capacity 53382K, committed 53424K, reserved 1095680K
  class space    used 6142K, capacity 6870K, committed 6912K, reserved 1048576K
}
Event: 10.859 GC heap after
{Heap after GC invocations=14 (full 0):
 garbage-first heap   total 95232K, used 24977K [0x00000000c1600000, 0x0000000100000000)
  region size 1024K, 6 young (6144K), 6 survivors (6144K)
 Metaspace       used 51594K, capacity 53382K, committed 53424K, reserved 1095680K
  class space    used 6142K, capacity 6870K, committed 6912K, reserved 1048576K
}
Event: 11.591 GC heap before
{Heap before GC invocations=14 (full 0):
 garbage-first heap   total 95232K, used 65937K [0x00000000c1600000, 0x0000000100000000)
  region size 1024K, 46 young (47104K), 6 survivors (6144K)
 Metaspace       used 53706K, capacity 55581K, committed 55728K, reserved 1097728K
  class space    used 6407K, capacity 7165K, committed 7168K, reserved 1048576K
}
Event: 11.608 GC heap after
{Heap after GC invocations=15 (full 0):
 garbage-first heap   total 95232K, used 29100K [0x00000000c1600000, 0x0000000100000000)
  region size 1024K, 4 young (4096K), 4 survivors (4096K)
 Metaspace       used 53706K, capacity 55581K, committed 55728K, reserved 1097728K
  class space    used 6407K, capacity 7165K, committed 7168K, reserved 1048576K
}
Event: 78.299 GC heap before
{Heap before GC invocations=15 (full 0):
 garbage-first heap   total 95232K, used 54700K [0x00000000c1600000, 0x0000000100000000)
  region size 1024K, 31 young (31744K), 4 survivors (4096K)
 Metaspace       used 58094K, capacity 60072K, committed 60208K, reserved 1101824K
  class space    used 6920K, capacity 7726K, committed 7808K, reserved 1048576K
}
Event: 78.309 GC heap after
{Heap after GC invocations=16 (full 0):
 garbage-first heap   total 95232K, used 30410K [0x00000000c1600000, 0x0000000100000000)
  region size 1024K, 2 young (2048K), 2 survivors (2048K)
 Metaspace       used 58094K, capacity 60072K, committed 60208K, reserved 1101824K
  class space    used 6920K, capacity 7726K, committed 7808K, reserved 1048576K
}

