# JRE version: OpenJDK Runtime Environment Zulu11.52+13-CA (11.0.13+8) (build 11.0.13+8-LTS)
# Java VM: OpenJDK 64-Bit Server VM Zulu11.52+13-CA (11.0.13+8-LTS, mixed mode, tiered, compressed oops, g1 gc, windows-amd64)
Heap:
 garbage-first heap   total 95232K, used 46839K [0x00000000c1600000, 0x0000000100000000)
  region size 1024K, 25 young (25600K), 5 survivors (5120K)
 Metaspace       used 33356K, capacity 34262K, committed 34560K, reserved 1079296K
  class space    used 3481K, capacity 3776K, committed 3840K, reserved 1048576K
GC Heap History (18 events):
Event: 0.573 GC heap before
{Heap before GC invocations=0 (full 0):
 garbage-first heap   total 65536K, used 13312K [0x00000000c1600000, 0x0000000100000000)
  region size 1024K, 14 young (14336K), 0 survivors (0K)
 Metaspace       used 11009K, capacity 11215K, committed 11392K, reserved 1058816K
  class space    used 1036K, capacity 1121K, committed 1152K, reserved 1048576K
}
Event: 0.577 GC heap after
{Heap after GC invocations=1 (full 0):
 garbage-first heap   total 65536K, used 3240K [0x00000000c1600000, 0x0000000100000000)
  region size 1024K, 2 young (2048K), 2 survivors (2048K)
 Metaspace       used 11009K, capacity 11215K, committed 11392K, reserved 1058816K
  class space    used 1036K, capacity 1121K, committed 1152K, reserved 1048576K
}
Event: 0.761 GC heap before
{Heap before GC invocations=1 (full 0):
 garbage-first heap   total 65536K, used 12456K [0x00000000c1600000, 0x0000000100000000)
  region size 1024K, 11 young (11264K), 2 survivors (2048K)
 Metaspace       used 12635K, capacity 12795K, committed 12928K, reserved 1060864K
  class space    used 1251K, capacity 1349K, committed 1408K, reserved 1048576K
}
Event: 0.766 GC heap after
{Heap after GC invocations=2 (full 0):
 garbage-first heap   total 65536K, used 3607K [0x00000000c1600000, 0x0000000100000000)
  region size 1024K, 1 young (1024K), 1 survivors (1024K)
 Metaspace       used 12635K, capacity 12795K, committed 12928K, reserved 1060864K
  class space    used 1251K, capacity 1349K, committed 1408K, reserved 1048576K
}
Event: 1.336 GC heap before
{Heap before GC invocations=2 (full 0):
 garbage-first heap   total 65536K, used 28183K [0x00000000c1600000, 0x0000000100000000)
  region size 1024K, 26 young (26624K), 1 survivors (1024K)
 Metaspace       used 15561K, capacity 15785K, committed 16128K, reserved 1062912K
  class space    used 1599K, capacity 1682K, committed 1792K, reserved 1048576K
}
Event: 1.339 GC heap after
{Heap after GC invocations=3 (full 0):
 garbage-first heap   total 65536K, used 4500K [0x00000000c1600000, 0x0000000100000000)
  region size 1024K, 2 young (2048K), 2 survivors (2048K)
 Metaspace       used 15561K, capacity 15785K, committed 16128K, reserved 1062912K
  class space    used 1599K, capacity 1682K, committed 1792K, reserved 1048576K
}
Event: 2.466 GC heap before
{Heap before GC invocations=3 (full 0):
 garbage-first heap   total 65536K, used 35220K [0x00000000c1600000, 0x0000000100000000)
  region size 1024K, 32 young (32768K), 2 survivors (2048K)
 Metaspace       used 20317K, capacity 20674K, committed 20736K, reserved 1067008K
  class space    used 2147K, capacity 2251K, committed 2304K, reserved 1048576K
}
Event: 2.476 GC heap after
{Heap after GC invocations=4 (full 0):
 garbage-first heap   total 65536K, used 7230K [0x00000000c1600000, 0x0000000100000000)
  region size 1024K, 4 young (4096K), 4 survivors (4096K)
 Metaspace       used 20317K, capacity 20674K, committed 20736K, reserved 1067008K
  class space    used 2147K, capacity 2251K, committed 2304K, reserved 1048576K
}
Event: 2.773 GC heap before
{Heap before GC invocations=4 (full 0):
 garbage-first heap   total 65536K, used 27710K [0x00000000c1600000, 0x0000000100000000)
  region size 1024K, 25 young (25600K), 4 survivors (4096K)
 Metaspace       used 20886K, capacity 21223K, committed 21248K, reserved 1069056K
  class space    used 2185K, capacity 2286K, committed 2304K, reserved 1048576K
}
Event: 2.791 GC heap after
{Heap after GC invocations=5 (full 0):
 garbage-first heap   total 78848K, used 10142K [0x00000000c1600000, 0x0000000100000000)
  region size 1024K, 3 young (3072K), 3 survivors (3072K)
 Metaspace       used 20886K, capacity 21223K, committed 21248K, reserved 1069056K
  class space    used 2185K, capacity 2286K, committed 2304K, reserved 1048576K
}
Event: 3.336 GC heap before
{Heap before GC invocations=6 (full 0):
 garbage-first heap   total 78848K, used 43934K [0x00000000c1600000, 0x0000000100000000)
  region size 1024K, 36 young (36864K), 3 survivors (3072K)
 Metaspace       used 21396K, capacity 21817K, committed 22144K, reserved 1069056K
  class space    used 2206K, capacity 2355K, committed 2432K, reserved 1048576K
}
Event: 3.344 GC heap after
{Heap after GC invocations=7 (full 0):
 garbage-first heap   total 78848K, used 12118K [0x00000000c1600000, 0x0000000100000000)
  region size 1024K, 3 young (3072K), 3 survivors (3072K)
 Metaspace       used 21396K, capacity 21817K, committed 22144K, reserved 1069056K
  class space    used 2206K, capacity 2355K, committed 2432K, reserved 1048576K
}
Event: 3.894 GC heap before
{Heap before GC invocations=7 (full 0):
 garbage-first heap   total 78848K, used 47958K [0x00000000c1600000, 0x0000000100000000)
  region size 1024K, 38 young (38912K), 3 survivors (3072K)
 Metaspace       used 22937K, capacity 23445K, committed 23552K, reserved 1071104K
  class space    used 2343K, capacity 2535K, committed 2560K, reserved 1048576K
}
Event: 3.902 GC heap after
{Heap after GC invocations=8 (full 0):
 garbage-first heap   total 78848K, used 14105K [0x00000000c1600000, 0x0000000100000000)
  region size 1024K, 5 young (5120K), 5 survivors (5120K)
 Metaspace       used 22937K, capacity 23445K, committed 23552K, reserved 1071104K
  class space    used 2343K, capacity 2535K, committed 2560K, reserved 1048576K
}
Event: 6.205 GC heap before
{Heap before GC invocations=8 (full 0):
 garbage-first heap   total 78848K, used 54041K [0x00000000c1600000, 0x0000000100000000)
  region size 1024K, 44 young (45056K), 5 survivors (5120K)
 Metaspace       used 31427K, capacity 32168K, committed 32256K, reserved 1077248K
  class space    used 3294K, capacity 3530K, committed 3584K, reserved 1048576K
}
Event: 6.220 GC heap after
{Heap after GC invocations=9 (full 0):
 garbage-first heap   total 78848K, used 20272K [0x00000000c1600000, 0x0000000100000000)
  region size 1024K, 6 young (6144K), 6 survivors (6144K)
 Metaspace       used 31427K, capacity 32168K, committed 32256K, reserved 1077248K
  class space    used 3294K, capacity 3530K, committed 3584K, reserved 1048576K
}
Event: 6.721 GC heap before
{Heap before GC invocations=9 (full 0):
 garbage-first heap   total 78848K, used 54064K [0x00000000c1600000, 0x0000000100000000)
  region size 1024K, 39 young (39936K), 6 survivors (6144K)
 Metaspace       used 32275K, capacity 33058K, committed 33152K, reserved 1079296K
  class space    used 3358K, capacity 3631K, committed 3712K, reserved 1048576K
}
Event: 6.741 GC heap after
{Heap after GC invocations=10 (full 0):
 garbage-first heap   total 95232K, used 28407K [0x00000000c1600000, 0x0000000100000000)
  region size 1024K, 5 young (5120K), 5 survivors (5120K)
 Metaspace       used 32275K, capacity 33058K, committed 33152K, reserved 1079296K
  class space    used 3358K, capacity 3631K, committed 3712K, reserved 1048576K
}

