# JRE version: OpenJDK Runtime Environment Zulu11.52+13-CA (11.0.13+8) (build 11.0.13+8-LTS)
# Java VM: OpenJDK 64-Bit Server VM Zulu11.52+13-CA (11.0.13+8-LTS, mixed mode, tiered, compressed oops, g1 gc, windows-amd64)
Heap:
 garbage-first heap   total 78848K, used 53026K [0x00000000c1600000, 0x0000000100000000)
  region size 1024K, 25 young (25600K), 2 survivors (2048K)
 Metaspace       used 59938K, capacity 62025K, committed 62128K, reserved 1103872K
  class space    used 7049K, capacity 7866K, committed 7936K, reserved 1048576K
GC Heap History (20 events):
Event: 7.327 GC heap before
{Heap before GC invocations=8 (full 0):
 garbage-first heap   total 65536K, used 31222K [0x00000000c1600000, 0x0000000100000000)
  region size 1024K, 26 young (26624K), 5 survivors (5120K)
 Metaspace       used 34764K, capacity 35740K, committed 35888K, reserved 1081344K
  class space    used 3951K, capacity 4369K, committed 4480K, reserved 1048576K
}
Event: 7.338 GC heap after
{Heap after GC invocations=9 (full 0):
 garbage-first heap   total 65536K, used 12678K [0x00000000c1600000, 0x0000000100000000)
  region size 1024K, 4 young (4096K), 4 survivors (4096K)
 Metaspace       used 34764K, capacity 35740K, committed 35888K, reserved 1081344K
  class space    used 3951K, capacity 4369K, committed 4480K, reserved 1048576K
}
Event: 8.476 GC heap before
{Heap before GC invocations=10 (full 0):
 garbage-first heap   total 65536K, used 43398K [0x00000000c1600000, 0x0000000100000000)
  region size 1024K, 34 young (34816K), 4 survivors (4096K)
 Metaspace       used 38008K, capacity 39122K, committed 39344K, reserved 1083392K
  class space    used 4357K, capacity 4815K, committed 4864K, reserved 1048576K
}
Event: 8.483 GC heap after
{Heap after GC invocations=11 (full 0):
 garbage-first heap   total 65536K, used 14487K [0x00000000c1600000, 0x0000000100000000)
  region size 1024K, 4 young (4096K), 4 survivors (4096K)
 Metaspace       used 38008K, capacity 39122K, committed 39344K, reserved 1083392K
  class space    used 4357K, capacity 4815K, committed 4864K, reserved 1048576K
}
Event: 9.199 GC heap before
{Heap before GC invocations=11 (full 0):
 garbage-first heap   total 65536K, used 45207K [0x00000000c1600000, 0x0000000100000000)
  region size 1024K, 34 young (34816K), 4 survivors (4096K)
 Metaspace       used 43586K, capacity 44903K, committed 44976K, reserved 1089536K
  class space    used 5101K, capacity 5631K, committed 5632K, reserved 1048576K
}
Event: 9.210 GC heap after
{Heap after GC invocations=12 (full 0):
 garbage-first heap   total 65536K, used 17999K [0x00000000c1600000, 0x0000000100000000)
  region size 1024K, 5 young (5120K), 5 survivors (5120K)
 Metaspace       used 43586K, capacity 44903K, committed 44976K, reserved 1089536K
  class space    used 5101K, capacity 5631K, committed 5632K, reserved 1048576K
}
Event: 10.207 GC heap before
{Heap before GC invocations=12 (full 0):
 garbage-first heap   total 65536K, used 46671K [0x00000000c1600000, 0x0000000100000000)
  region size 1024K, 34 young (34816K), 5 survivors (5120K)
 Metaspace       used 48181K, capacity 49722K, committed 49840K, reserved 1093632K
  class space    used 5678K, capacity 6287K, committed 6400K, reserved 1048576K
}
Event: 10.224 GC heap after
{Heap after GC invocations=13 (full 0):
 garbage-first heap   total 65536K, used 21248K [0x00000000c1600000, 0x0000000100000000)
  region size 1024K, 4 young (4096K), 4 survivors (4096K)
 Metaspace       used 48181K, capacity 49722K, committed 49840K, reserved 1093632K
  class space    used 5678K, capacity 6287K, committed 6400K, reserved 1048576K
}
Event: 11.286 GC heap before
{Heap before GC invocations=13 (full 0):
 garbage-first heap   total 65536K, used 47872K [0x00000000c1600000, 0x0000000100000000)
  region size 1024K, 31 young (31744K), 4 survivors (4096K)
 Metaspace       used 50335K, capacity 51972K, committed 52144K, reserved 1095680K
  class space    used 5967K, capacity 6650K, committed 6656K, reserved 1048576K
}
Event: 11.307 GC heap after
{Heap after GC invocations=14 (full 0):
 garbage-first heap   total 78848K, used 23759K [0x00000000c1600000, 0x0000000100000000)
  region size 1024K, 3 young (3072K), 3 survivors (3072K)
 Metaspace       used 50335K, capacity 51972K, committed 52144K, reserved 1095680K
  class space    used 5967K, capacity 6650K, committed 6656K, reserved 1048576K
}
Event: 13.063 GC heap before
{Heap before GC invocations=14 (full 0):
 garbage-first heap   total 78848K, used 56527K [0x00000000c1600000, 0x0000000100000000)
  region size 1024K, 35 young (35840K), 3 survivors (3072K)
 Metaspace       used 52679K, capacity 54454K, committed 54576K, reserved 1097728K
  class space    used 6284K, capacity 7023K, committed 7040K, reserved 1048576K
}
Event: 13.078 GC heap after
{Heap after GC invocations=15 (full 0):
 garbage-first heap   total 78848K, used 26445K [0x00000000c1600000, 0x0000000100000000)
  region size 1024K, 3 young (3072K), 3 survivors (3072K)
 Metaspace       used 52679K, capacity 54454K, committed 54576K, reserved 1097728K
  class space    used 6284K, capacity 7023K, committed 7040K, reserved 1048576K
}
Event: 25.347 GC heap before
{Heap before GC invocations=15 (full 0):
 garbage-first heap   total 78848K, used 58189K [0x00000000c1600000, 0x0000000100000000)
  region size 1024K, 34 young (34816K), 3 survivors (3072K)
 Metaspace       used 54393K, capacity 56229K, committed 56368K, reserved 1097728K
  class space    used 6490K, capacity 7249K, committed 7296K, reserved 1048576K
}
Event: 25.355 GC heap after
{Heap after GC invocations=16 (full 0):
 garbage-first heap   total 78848K, used 28966K [0x00000000c1600000, 0x0000000100000000)
  region size 1024K, 5 young (5120K), 5 survivors (5120K)
 Metaspace       used 54393K, capacity 56229K, committed 56368K, reserved 1097728K
  class space    used 6490K, capacity 7249K, committed 7296K, reserved 1048576K
}
Event: 32.000 GC heap before
{Heap before GC invocations=16 (full 0):
 garbage-first heap   total 78848K, used 49446K [0x00000000c1600000, 0x0000000100000000)
  region size 1024K, 27 young (27648K), 5 survivors (5120K)
 Metaspace       used 58215K, capacity 60164K, committed 60240K, reserved 1101824K
  class space    used 6941K, capacity 7755K, committed 7808K, reserved 1048576K
}
Event: 32.016 GC heap after
{Heap after GC invocations=17 (full 0):
 garbage-first heap   total 78848K, used 30360K [0x00000000c1600000, 0x0000000100000000)
  region size 1024K, 2 young (2048K), 2 survivors (2048K)
 Metaspace       used 58215K, capacity 60164K, committed 60240K, reserved 1101824K
  class space    used 6941K, capacity 7755K, committed 7808K, reserved 1048576K
}
Event: 492.385 GC heap before
{Heap before GC invocations=18 (full 0):
 garbage-first heap   total 78848K, used 58008K [0x00000000c1600000, 0x0000000100000000)
  region size 1024K, 29 young (29696K), 2 survivors (2048K)
 Metaspace       used 59711K, capacity 61705K, committed 61872K, reserved 1103872K
  class space    used 7048K, capacity 7866K, committed 7936K, reserved 1048576K
}
Event: 492.464 GC heap after
{Heap after GC invocations=19 (full 0):
 garbage-first heap   total 78848K, used 30522K [0x00000000c1600000, 0x0000000100000000)
  region size 1024K, 2 young (2048K), 2 survivors (2048K)
 Metaspace       used 59711K, capacity 61705K, committed 61872K, reserved 1103872K
  class space    used 7048K, capacity 7866K, committed 7936K, reserved 1048576K
}
Event: 1161.677 GC heap before
{Heap before GC invocations=19 (full 0):
 garbage-first heap   total 78848K, used 59194K [0x00000000c1600000, 0x0000000100000000)
  region size 1024K, 30 young (30720K), 2 survivors (2048K)
 Metaspace       used 59888K, capacity 61961K, committed 62128K, reserved 1103872K
  class space    used 7048K, capacity 7866K, committed 7936K, reserved 1048576K
}
Event: 1161.695 GC heap after
{Heap after GC invocations=20 (full 0):
 garbage-first heap   total 78848K, used 30498K [0x00000000c1600000, 0x0000000100000000)
  region size 1024K, 2 young (2048K), 2 survivors (2048K)
 Metaspace       used 59888K, capacity 61961K, committed 62128K, reserved 1103872K
  class space    used 7048K, capacity 7866K, committed 7936K, reserved 1048576K
}

