# JRE version: OpenJDK Runtime Environment Zulu11.52+13-CA (11.0.13+8) (build 11.0.13+8-LTS)
# Java VM: OpenJDK 64-Bit Server VM Zulu11.52+13-CA (11.0.13+8-LTS, mixed mode, tiered, compressed oops, g1 gc, windows-amd64)
Heap:
 garbage-first heap   total 65536K, used 36969K [0x00000000c1600000, 0x0000000100000000)
  region size 1024K, 33 young (33792K), 3 survivors (3072K)
 Metaspace       used 26073K, capacity 26941K, committed 27136K, reserved 1073152K
  class space    used 2923K, capacity 3294K, committed 3328K, reserved 1048576K
GC Heap History (8 events):
Event: 1.230 GC heap before
{Heap before GC invocations=0 (full 0):
 garbage-first heap   total 65536K, used 13312K [0x00000000c1600000, 0x0000000100000000)
  region size 1024K, 14 young (14336K), 0 survivors (0K)
 Metaspace       used 10441K, capacity 10630K, committed 10880K, reserved 1058816K
  class space    used 946K, capacity 1037K, committed 1152K, reserved 1048576K
}
Event: 1.242 GC heap after
{Heap after GC invocations=1 (full 0):
 garbage-first heap   total 65536K, used 6182K [0x00000000c1600000, 0x0000000100000000)
  region size 1024K, 2 young (2048K), 2 survivors (2048K)
 Metaspace       used 10441K, capacity 10630K, committed 10880K, reserved 1058816K
  class space    used 946K, capacity 1037K, committed 1152K, reserved 1048576K
}
Event: 1.510 GC heap before
{Heap before GC invocations=1 (full 0):
 garbage-first heap   total 65536K, used 12326K [0x00000000c1600000, 0x0000000100000000)
  region size 1024K, 8 young (8192K), 2 survivors (2048K)
 Metaspace       used 11684K, capacity 11924K, committed 12032K, reserved 1060864K
  class space    used 1101K, capacity 1215K, committed 1280K, reserved 1048576K
}
Event: 1.517 GC heap after
{Heap after GC invocations=2 (full 0):
 garbage-first heap   total 65536K, used 6192K [0x00000000c1600000, 0x0000000100000000)
  region size 1024K, 1 young (1024K), 1 survivors (1024K)
 Metaspace       used 11684K, capacity 11924K, committed 12032K, reserved 1060864K
  class space    used 1101K, capacity 1215K, committed 1280K, reserved 1048576K
}
Event: 2.417 GC heap before
{Heap before GC invocations=2 (full 0):
 garbage-first heap   total 65536K, used 30768K [0x00000000c1600000, 0x0000000100000000)
  region size 1024K, 25 young (25600K), 1 survivors (1024K)
 Metaspace       used 16075K, capacity 16620K, committed 16768K, reserved 1064960K
  class space    used 1677K, capacity 1869K, committed 1920K, reserved 1048576K
}
Event: 2.421 GC heap after
{Heap after GC invocations=3 (full 0):
 garbage-first heap   total 65536K, used 7144K [0x00000000c1600000, 0x0000000100000000)
  region size 1024K, 2 young (2048K), 2 survivors (2048K)
 Metaspace       used 16075K, capacity 16620K, committed 16768K, reserved 1064960K
  class space    used 1677K, capacity 1869K, committed 1920K, reserved 1048576K
}
Event: 3.038 GC heap before
{Heap before GC invocations=3 (full 0):
 garbage-first heap   total 65536K, used 32744K [0x00000000c1600000, 0x0000000100000000)
  region size 1024K, 28 young (28672K), 2 survivors (2048K)
 Metaspace       used 20441K, capacity 21134K, committed 21248K, reserved 1069056K
  class space    used 2223K, capacity 2505K, committed 2560K, reserved 1048576K
}
Event: 3.045 GC heap after
{Heap after GC invocations=4 (full 0):
 garbage-first heap   total 65536K, used 8297K [0x00000000c1600000, 0x0000000100000000)
  region size 1024K, 3 young (3072K), 3 survivors (3072K)
 Metaspace       used 20441K, capacity 21134K, committed 21248K, reserved 1069056K
  class space    used 2223K, capacity 2505K, committed 2560K, reserved 1048576K
}

