# JRE version: OpenJDK Runtime Environment Zulu11.52+13-CA (11.0.13+8) (build 11.0.13+8-LTS)
# Java VM: OpenJDK 64-Bit Server VM Zulu11.52+13-CA (11.0.13+8-LTS, mixed mode, tiered, compressed oops, g1 gc, windows-amd64)
Heap:
 garbage-first heap   total 78848K, used 13798K [0x00000000c1600000, 0x0000000100000000)
  region size 1024K, 9 young (9216K), 6 survivors (6144K)
 Metaspace       used 33346K, capacity 34331K, committed 34608K, reserved 1079296K
  class space    used 3813K, capacity 4202K, committed 4224K, reserved 1048576K
GC Heap History (14 events):
Event: 0.551 GC heap before
{Heap before GC invocations=0 (full 0):
 garbage-first heap   total 65536K, used 13312K [0x00000000c1600000, 0x0000000100000000)
  region size 1024K, 14 young (14336K), 0 survivors (0K)
 Metaspace       used 9595K, capacity 9746K, committed 9984K, reserved 1058816K
  class space    used 859K, capacity 909K, committed 1024K, reserved 1048576K
}
Event: 0.556 GC heap after
{Heap after GC invocations=1 (full 0):
 garbage-first heap   total 65536K, used 4269K [0x00000000c1600000, 0x0000000100000000)
  region size 1024K, 2 young (2048K), 2 survivors (2048K)
 Metaspace       used 9595K, capacity 9746K, committed 9984K, reserved 1058816K
  class space    used 859K, capacity 909K, committed 1024K, reserved 1048576K
}
Event: 0.787 GC heap before
{Heap before GC invocations=1 (full 0):
 garbage-first heap   total 65536K, used 14509K [0x00000000c1600000, 0x0000000100000000)
  region size 1024K, 12 young (12288K), 2 survivors (2048K)
 Metaspace       used 11675K, capacity 11850K, committed 12032K, reserved 1060864K
  class space    used 1112K, capacity 1186K, committed 1280K, reserved 1048576K
}
Event: 0.791 GC heap after
{Heap after GC invocations=2 (full 0):
 garbage-first heap   total 65536K, used 4704K [0x00000000c1600000, 0x0000000100000000)
  region size 1024K, 1 young (1024K), 1 survivors (1024K)
 Metaspace       used 11675K, capacity 11850K, committed 12032K, reserved 1060864K
  class space    used 1112K, capacity 1186K, committed 1280K, reserved 1048576K
}
Event: 1.435 GC heap before
{Heap before GC invocations=2 (full 0):
 garbage-first heap   total 65536K, used 29280K [0x00000000c1600000, 0x0000000100000000)
  region size 1024K, 26 young (26624K), 1 survivors (1024K)
 Metaspace       used 17876K, capacity 18294K, committed 18560K, reserved 1064960K
  class space    used 1902K, capacity 2070K, committed 2176K, reserved 1048576K
}
Event: 1.438 GC heap after
{Heap after GC invocations=3 (full 0):
 garbage-first heap   total 65536K, used 6283K [0x00000000c1600000, 0x0000000100000000)
  region size 1024K, 2 young (2048K), 2 survivors (2048K)
 Metaspace       used 17876K, capacity 18294K, committed 18560K, reserved 1064960K
  class space    used 1902K, capacity 2070K, committed 2176K, reserved 1048576K
}
Event: 1.634 GC heap before
{Heap before GC invocations=3 (full 0):
 garbage-first heap   total 65536K, used 17547K [0x00000000c1600000, 0x0000000100000000)
  region size 1024K, 15 young (15360K), 2 survivors (2048K)
 Metaspace       used 20706K, capacity 21180K, committed 21296K, reserved 1069056K
  class space    used 2205K, capacity 2414K, committed 2432K, reserved 1048576K
}
Event: 1.639 GC heap after
{Heap after GC invocations=4 (full 0):
 garbage-first heap   total 65536K, used 6685K [0x00000000c1600000, 0x0000000100000000)
  region size 1024K, 3 young (3072K), 3 survivors (3072K)
 Metaspace       used 20706K, capacity 21180K, committed 21296K, reserved 1069056K
  class space    used 2205K, capacity 2414K, committed 2432K, reserved 1048576K
}
Event: 2.379 GC heap before
{Heap before GC invocations=5 (full 0):
 garbage-first heap   total 65536K, used 31261K [0x00000000c1600000, 0x0000000100000000)
  region size 1024K, 28 young (28672K), 3 survivors (3072K)
 Metaspace       used 25014K, capacity 25567K, committed 25776K, reserved 1073152K
  class space    used 2757K, capacity 3001K, committed 3072K, reserved 1048576K
}
Event: 2.387 GC heap after
{Heap after GC invocations=6 (full 0):
 garbage-first heap   total 65536K, used 7990K [0x00000000c1600000, 0x0000000100000000)
  region size 1024K, 4 young (4096K), 4 survivors (4096K)
 Metaspace       used 25014K, capacity 25567K, committed 25776K, reserved 1073152K
  class space    used 2757K, capacity 3001K, committed 3072K, reserved 1048576K
}
Event: 4.843 GC heap before
{Heap before GC invocations=6 (full 0):
 garbage-first heap   total 65536K, used 35638K [0x00000000c1600000, 0x0000000100000000)
  region size 1024K, 31 young (31744K), 4 survivors (4096K)
 Metaspace       used 26953K, capacity 27655K, committed 27824K, reserved 1073152K
  class space    used 2981K, capacity 3238K, committed 3328K, reserved 1048576K
}
Event: 4.849 GC heap after
{Heap after GC invocations=7 (full 0):
 garbage-first heap   total 78848K, used 9038K [0x00000000c1600000, 0x0000000100000000)
  region size 1024K, 3 young (3072K), 3 survivors (3072K)
 Metaspace       used 26953K, capacity 27655K, committed 27824K, reserved 1073152K
  class space    used 2981K, capacity 3238K, committed 3328K, reserved 1048576K
}
Event: 7.821 GC heap before
{Heap before GC invocations=7 (full 0):
 garbage-first heap   total 78848K, used 53070K [0x00000000c1600000, 0x0000000100000000)
  region size 1024K, 46 young (47104K), 3 survivors (3072K)
 Metaspace       used 32757K, capacity 33761K, committed 33840K, reserved 1079296K
  class space    used 3744K, capacity 4161K, committed 4224K, reserved 1048576K
}
Event: 7.837 GC heap after
{Heap after GC invocations=8 (full 0):
 garbage-first heap   total 78848K, used 11750K [0x00000000c1600000, 0x0000000100000000)
  region size 1024K, 6 young (6144K), 6 survivors (6144K)
 Metaspace       used 32757K, capacity 33761K, committed 33840K, reserved 1079296K
  class space    used 3744K, capacity 4161K, committed 4224K, reserved 1048576K
}

